[INFO] Job started at: Tue Apr 14 18:37:41 CST 2026
[INFO] Running on node: cpu8358n11
[INFO] Working directory: /gpfs/work/bio/shuleihe23/docking
[INFO] Using vina at: /gpfs/spack/opt/linux-rocky8-icelake/gcc-8.5.0/autodock-vina-1.2.5-ugdue5u4umybehzrknegujoyvah5oxkp/bin/vina
AutoDock Vina v1.2.5
#################################################################
# If you used AutoDock Vina in your work, please cite:          #
#                                                               #
# J. Eberhardt, D. Santos-Martins, A. F. Tillack, and S. Forli  #
# AutoDock Vina 1.2.0: New Docking Methods, Expanded Force      #
# Field, and Python Bindings, J. Chem. Inf. Model. (2021)       #
# DOI 10.1021/acs.jcim.1c00203                                  #
#                                                               #
# O. Trott, A. J. Olson,                                        #
# AutoDock Vina: improving the speed and accuracy of docking    #
# with a new scoring function, efficient optimization and       #
# multithreading, J. Comp. Chem. (2010)                         #
# DOI 10.1002/jcc.21334                                         #
#                                                               #
# Please see https://github.com/ccsb-scripps/AutoDock-Vina for  #
# more information.                                             #
#################################################################

Scoring function : vina
Rigid receptor: /gpfs/work/bio/shuleihe23/docking/receptor_out.pdbqt
Ligand: /gpfs/work/bio/shuleihe23/docking/BHET.pdbqt
Grid center: X -4.45 Y 25.34 Z -25.86
Grid size  : X 22 Y 22 Z 22
Grid space : 0.375
Exhaustiveness: 8
CPU: 4
Verbosity: 1

Computing Vina grid ... done.
Performing docking (random seed: 1705746595) ... 
0%   10   20   30   40   50   60   70   80   90   100%
|----|----|----|----|----|----|----|----|----|----|
***************************************************

mode |   affinity | dist from best mode
     | (kcal/mol) | rmsd l.b.| rmsd u.b.
-----+------------+----------+----------
   1       -5.271          0          0
   2        -5.27     0.6331      6.436
   3       -5.242      1.994      3.429
   4       -5.238      1.559      6.828
   5       -5.127      3.541      5.609
   6       -5.118      2.665      4.009
   7       -5.056      3.594      7.062
   8       -4.958      5.201      8.088
   9       -4.884      1.221       2.46
  10       -4.878      2.093      6.827
[INFO] Job finished at: Tue Apr 14 18:37:50 CST 2026
